INFO: [VRFC 10-2263] Analyzing Verilog file "E:/STUDY/Books/Electronica/microcontrollers/BITS/Onukr Mutulu Computer Architecture/MIPS_local/MIPS/MIPS_I_Arithmatic/mips_r_i/mips_r_i.srcs/sources_1/new/alu.v" into library xil_defaultlib
INFO: [VRFC 10-311] analyzing module alu
INFO: [VRFC 10-2263] Analyzing Verilog file "E:/STUDY/Books/Electronica/microcontrollers/BITS/Onukr Mutulu Computer Architecture/MIPS_local/MIPS/MIPS_I_Arithmatic/mips_r_i/mips_r_i.srcs/sources_1/new/alu_controller.v" into library xil_defaultlib
INFO: [VRFC 10-311] analyzing module alu_controller
INFO: [VRFC 10-2263] Analyzing Verilog file "E:/STUDY/Books/Electronica/microcontrollers/BITS/Onukr Mutulu Computer Architecture/MIPS_local/MIPS/MIPS_I_Arithmatic/mips_r_i/mips_r_i.srcs/sources_1/new/instruction_memory.v" into library xil_defaultlib
INFO: [VRFC 10-311] analyzing module instruction_memory
INFO: [VRFC 10-2263] Analyzing Verilog file "E:/STUDY/Books/Electronica/microcontrollers/BITS/Onukr Mutulu Computer Architecture/MIPS_local/MIPS/MIPS_I_Arithmatic/mips_r_i/mips_r_i.srcs/sources_1/new/main_controller.v" into library xil_defaultlib
INFO: [VRFC 10-311] analyzing module main_controller
INFO: [VRFC 10-2263] Analyzing Verilog file "E:/STUDY/Books/Electronica/microcontrollers/BITS/Onukr Mutulu Computer Architecture/MIPS_local/MIPS/MIPS_I_Arithmatic/mips_r_i/mips_r_i.srcs/sources_1/new/mux_2_1_32bit.v" into library xil_defaultlib
INFO: [VRFC 10-311] analyzing module mux_2_1_32bit
INFO: [VRFC 10-2263] Analyzing Verilog file "E:/STUDY/Books/Electronica/microcontrollers/BITS/Onukr Mutulu Computer Architecture/MIPS_local/MIPS/MIPS_I_Arithmatic/mips_r_i/mips_r_i.srcs/sources_1/new/mux_2_1_5bit.v" into library xil_defaultlib
INFO: [VRFC 10-311] analyzing module mux_2_1_5bit
INFO: [VRFC 10-2263] Analyzing Verilog file "E:/STUDY/Books/Electronica/microcontrollers/BITS/Onukr Mutulu Computer Architecture/MIPS_local/MIPS/MIPS_I_Arithmatic/mips_r_i/mips_r_i.srcs/sources_1/new/pc_adder.v" into library xil_defaultlib
INFO: [VRFC 10-311] analyzing module pc_adder
INFO: [VRFC 10-2263] Analyzing Verilog file "E:/STUDY/Books/Electronica/microcontrollers/BITS/Onukr Mutulu Computer Architecture/MIPS_local/MIPS/MIPS_I_Arithmatic/mips_r_i/mips_r_i.srcs/sources_1/new/program_counter.v" into library xil_defaultlib
INFO: [VRFC 10-311] analyzing module program_counter
INFO: [VRFC 10-2263] Analyzing Verilog file "E:/STUDY/Books/Electronica/microcontrollers/BITS/Onukr Mutulu Computer Architecture/MIPS_local/MIPS/MIPS_I_Arithmatic/mips_r_i/mips_r_i.srcs/sources_1/new/r_mips.v" into library xil_defaultlib
INFO: [VRFC 10-311] analyzing module r_mips
INFO: [VRFC 10-2263] Analyzing Verilog file "E:/STUDY/Books/Electronica/microcontrollers/BITS/Onukr Mutulu Computer Architecture/MIPS_local/MIPS/MIPS_I_Arithmatic/mips_r_i/mips_r_i.srcs/sources_1/new/register_file.v" into library xil_defaultlib
INFO: [VRFC 10-311] analyzing module register_file
INFO: [VRFC 10-2263] Analyzing Verilog file "E:/STUDY/Books/Electronica/microcontrollers/BITS/Onukr Mutulu Computer Architecture/MIPS_local/MIPS/MIPS_I_Arithmatic/mips_r_i/mips_r_i.srcs/sources_1/new/sign_extend_16_to_32_bit.v" into library xil_defaultlib
INFO: [VRFC 10-311] analyzing module sign_extend_16_to_32_bit
INFO: [VRFC 10-2263] Analyzing Verilog file "E:/STUDY/Books/Electronica/microcontrollers/BITS/Onukr Mutulu Computer Architecture/MIPS_local/MIPS/MIPS_I_Arithmatic/mips_r_i/mips_r_i.srcs/sim_1/new/r_mips_tb.v" into library xil_defaultlib
INFO: [VRFC 10-311] analyzing module r_mips_tb
INFO: [VRFC 10-2263] Analyzing Verilog file "E:/STUDY/Books/Electronica/microcontrollers/BITS/Onukr Mutulu Computer Architecture/MIPS_local/MIPS/MIPS_I_Arithmatic/mips_r_i/mips_r_i.sim/sim_1/behav/xsim/glbl.v" into library xil_defaultlib
INFO: [VRFC 10-311] analyzing module glbl
